2025-03-24 23:06:10,952 [Worker-1: Loading available Gradle versions] INFO  o.e.b.c.i.u.g.PublishedGradleVersions - Gradle version information cache is up-to-date. Trying to read.
2025-03-24 23:09:15,619 [Worker-11: Enabling Maven Dependency Management] INFO  o.e.m.c.i.l.LifecycleMappingFactory - Using org.eclipse.m2e.jdt.JarLifecycleMapping lifecycle mapping for MavenProject: MapDataProcessing:MapDataProcessing:0.0.1-SNAPSHOT @ C:\Users\anujp\OneDrive\Desktop\ANUJ\Resumes\Coreshield Assignment\MapDataProcessing\pom.xml.
2025-03-24 23:09:16,475 [Worker-11: Enabling Maven Dependency Management] INFO  o.e.m.j.i.AbstractJavaProjectConfigurator - Adding source folder /MapDataProcessing/src
2025-03-24 23:09:16,477 [Worker-11: Enabling Maven Dependency Management] INFO  o.e.m.j.i.AbstractJavaProjectConfigurator - Resources folder /MapDataProcessing/src/main/resources overlaps with sources folder /MapDataProcessing/src
2025-03-24 23:09:16,480 [Worker-11: Enabling Maven Dependency Management] INFO  o.e.m.j.i.AbstractJavaProjectConfigurator - Not adding source folder /MapDataProcessing/src/test/java because it overlaps with /MapDataProcessing/src
2025-03-24 23:09:16,481 [Worker-11: Enabling Maven Dependency Management] INFO  o.e.m.j.i.AbstractJavaProjectConfigurator - Resources folder /MapDataProcessing/src/test/resources overlaps with sources folder /MapDataProcessing/src
2025-03-24 23:09:16,820 [Worker-11: Enabling Maven Dependency Management] INFO  o.e.m.c.i.p.ProjectConfigurationManager - Update started
2025-03-24 23:09:17,388 [Worker-11: Enabling Maven Dependency Management] INFO  o.e.m.c.i.l.LifecycleMappingFactory - Using org.eclipse.m2e.jdt.JarLifecycleMapping lifecycle mapping for MavenProject: MapDataProcessing:MapDataProcessing:0.0.1-SNAPSHOT @ C:\Users\anujp\OneDrive\Desktop\ANUJ\Resumes\Coreshield Assignment\MapDataProcessing\pom.xml.
2025-03-24 23:09:17,574 [Worker-11: Enabling Maven Dependency Management] INFO  o.e.m.j.i.AbstractJavaProjectConfigurator - Adding source folder /MapDataProcessing/src
2025-03-24 23:09:17,575 [Worker-11: Enabling Maven Dependency Management] INFO  o.e.m.j.i.AbstractJavaProjectConfigurator - Resources folder /MapDataProcessing/src/main/resources overlaps with sources folder /MapDataProcessing/src
2025-03-24 23:09:17,578 [Worker-11: Enabling Maven Dependency Management] INFO  o.e.m.j.i.AbstractJavaProjectConfigurator - Not adding source folder /MapDataProcessing/src/test/java because it overlaps with /MapDataProcessing/src
2025-03-24 23:09:17,580 [Worker-11: Enabling Maven Dependency Management] INFO  o.e.m.j.i.AbstractJavaProjectConfigurator - Resources folder /MapDataProcessing/src/test/resources overlaps with sources folder /MapDataProcessing/src
2025-03-24 23:09:17,810 [Worker-11: Enabling Maven Dependency Management] INFO  o.e.m.c.i.p.ProjectConfigurationManager - Update completed for 1 poms: local refresh takes 0.00 sec, refresh facades takes 0.00 sec, update config takes 0.00 sec 
2025-03-24 23:09:17,946 [Worker-5: Building] WARN  o.a.m.s.f.DefaultMavenResourcesFiltering - Using platform encoding (UTF-8 actually) to copy filtered resources, i.e. build is platform dependent!
2025-03-24 23:09:17,948 [Worker-5: Building] INFO  o.a.m.s.f.DefaultMavenResourcesFiltering - skip non existing resourceDirectory C:\Users\anujp\OneDrive\Desktop\ANUJ\Resumes\Coreshield Assignment\MapDataProcessing\src\main\resources
2025-03-24 23:09:17,952 [Worker-5: Building] WARN  o.a.m.s.f.DefaultMavenResourcesFiltering - Using platform encoding (UTF-8 actually) to copy filtered resources, i.e. build is platform dependent!
2025-03-24 23:09:17,954 [Worker-5: Building] INFO  o.a.m.s.f.DefaultMavenResourcesFiltering - skip non existing resourceDirectory C:\Users\anujp\OneDrive\Desktop\ANUJ\Resumes\Coreshield Assignment\MapDataProcessing\src\test\resources
2025-03-24 23:09:43,318 [Worker-13: Building] INFO  o.e.m.c.i.l.LifecycleMappingFactory - Using org.eclipse.m2e.jdt.JarLifecycleMapping lifecycle mapping for MavenProject: MapDataProcessing:MapDataProcessing:0.0.1-SNAPSHOT @ C:\Users\anujp\OneDrive\Desktop\ANUJ\Resumes\Coreshield Assignment\MapDataProcessing\pom.xml.
2025-03-24 23:09:43,569 [Worker-13: Building] WARN  o.a.m.s.f.DefaultMavenResourcesFiltering - Using platform encoding (UTF-8 actually) to copy filtered resources, i.e. build is platform dependent!
2025-03-24 23:09:43,571 [Worker-13: Building] INFO  o.a.m.s.f.DefaultMavenResourcesFiltering - skip non existing resourceDirectory C:\Users\anujp\OneDrive\Desktop\ANUJ\Resumes\Coreshield Assignment\MapDataProcessing\src\main\resources
2025-03-24 23:09:43,577 [Worker-13: Building] WARN  o.a.m.s.f.DefaultMavenResourcesFiltering - Using platform encoding (UTF-8 actually) to copy filtered resources, i.e. build is platform dependent!
2025-03-24 23:09:43,578 [Worker-13: Building] INFO  o.a.m.s.f.DefaultMavenResourcesFiltering - skip non existing resourceDirectory C:\Users\anujp\OneDrive\Desktop\ANUJ\Resumes\Coreshield Assignment\MapDataProcessing\src\test\resources
2025-03-24 23:09:44,931 [Worker-10: Building] WARN  o.a.m.s.f.DefaultMavenResourcesFiltering - Using platform encoding (UTF-8 actually) to copy filtered resources, i.e. build is platform dependent!
2025-03-24 23:09:44,932 [Worker-10: Building] INFO  o.a.m.s.f.DefaultMavenResourcesFiltering - skip non existing resourceDirectory C:\Users\anujp\OneDrive\Desktop\ANUJ\Resumes\Coreshield Assignment\MapDataProcessing\src\main\resources
2025-03-24 23:09:44,934 [Worker-10: Building] WARN  o.a.m.s.f.DefaultMavenResourcesFiltering - Using platform encoding (UTF-8 actually) to copy filtered resources, i.e. build is platform dependent!
2025-03-24 23:09:44,935 [Worker-10: Building] INFO  o.a.m.s.f.DefaultMavenResourcesFiltering - skip non existing resourceDirectory C:\Users\anujp\OneDrive\Desktop\ANUJ\Resumes\Coreshield Assignment\MapDataProcessing\src\test\resources
2025-03-24 23:09:51,825 [Worker-13: Updating Maven Project] INFO  o.e.m.c.i.p.ProjectConfigurationManager - Update started
2025-03-24 23:09:52,206 [Worker-13: Updating Maven Project] INFO  o.e.m.c.i.l.LifecycleMappingFactory - Using org.eclipse.m2e.jdt.JarLifecycleMapping lifecycle mapping for MavenProject: MapDataProcessing:MapDataProcessing:0.0.1-SNAPSHOT @ C:\Users\anujp\OneDrive\Desktop\ANUJ\Resumes\Coreshield Assignment\MapDataProcessing\pom.xml.
2025-03-24 23:09:52,401 [Worker-13: Updating Maven Project] INFO  o.e.m.j.i.AbstractJavaProjectConfigurator - Adding source folder /MapDataProcessing/src
2025-03-24 23:09:52,402 [Worker-13: Updating Maven Project] INFO  o.e.m.j.i.AbstractJavaProjectConfigurator - Resources folder /MapDataProcessing/src/main/resources overlaps with sources folder /MapDataProcessing/src
2025-03-24 23:09:52,403 [Worker-13: Updating Maven Project] INFO  o.e.m.j.i.AbstractJavaProjectConfigurator - Not adding source folder /MapDataProcessing/src/test/java because it overlaps with /MapDataProcessing/src
2025-03-24 23:09:52,404 [Worker-13: Updating Maven Project] INFO  o.e.m.j.i.AbstractJavaProjectConfigurator - Resources folder /MapDataProcessing/src/test/resources overlaps with sources folder /MapDataProcessing/src
2025-03-24 23:09:52,481 [Worker-13: Updating Maven Project] INFO  o.e.m.c.i.p.ProjectConfigurationManager - Update completed for 1 poms: local refresh takes 0.00 sec, refresh facades takes 0.00 sec, update config takes 0.00 sec 
2025-03-24 23:09:52,610 [Worker-5: Building] WARN  o.a.m.s.f.DefaultMavenResourcesFiltering - Using platform encoding (UTF-8 actually) to copy filtered resources, i.e. build is platform dependent!
2025-03-24 23:09:52,611 [Worker-5: Building] INFO  o.a.m.s.f.DefaultMavenResourcesFiltering - skip non existing resourceDirectory C:\Users\anujp\OneDrive\Desktop\ANUJ\Resumes\Coreshield Assignment\MapDataProcessing\src\main\resources
2025-03-24 23:09:52,614 [Worker-5: Building] WARN  o.a.m.s.f.DefaultMavenResourcesFiltering - Using platform encoding (UTF-8 actually) to copy filtered resources, i.e. build is platform dependent!
2025-03-24 23:09:52,615 [Worker-5: Building] INFO  o.a.m.s.f.DefaultMavenResourcesFiltering - skip non existing resourceDirectory C:\Users\anujp\OneDrive\Desktop\ANUJ\Resumes\Coreshield Assignment\MapDataProcessing\src\test\resources
2025-03-24 23:10:56,606 [Worker-0: Building] WARN  o.a.m.s.f.DefaultMavenResourcesFiltering - Using platform encoding (UTF-8 actually) to copy filtered resources, i.e. build is platform dependent!
2025-03-24 23:10:56,608 [Worker-0: Building] INFO  o.a.m.s.f.DefaultMavenResourcesFiltering - skip non existing resourceDirectory C:\Users\anujp\OneDrive\Desktop\ANUJ\Resumes\Coreshield Assignment\MapDataProcessing\src\main\resources
2025-03-24 23:10:56,613 [Worker-0: Building] WARN  o.a.m.s.f.DefaultMavenResourcesFiltering - Using platform encoding (UTF-8 actually) to copy filtered resources, i.e. build is platform dependent!
2025-03-24 23:10:56,615 [Worker-0: Building] INFO  o.a.m.s.f.DefaultMavenResourcesFiltering - skip non existing resourceDirectory C:\Users\anujp\OneDrive\Desktop\ANUJ\Resumes\Coreshield Assignment\MapDataProcessing\src\test\resources
2025-03-24 23:15:31,977 [Worker-9: Building] WARN  o.a.m.s.f.DefaultMavenResourcesFiltering - Using platform encoding (UTF-8 actually) to copy filtered resources, i.e. build is platform dependent!
2025-03-24 23:15:31,989 [Worker-9: Building] INFO  o.a.m.s.f.DefaultMavenResourcesFiltering - Copying 0 resource from src\main\resources to target\classes
2025-03-24 23:15:31,996 [Worker-9: Building] WARN  o.a.m.s.f.DefaultMavenResourcesFiltering - Using platform encoding (UTF-8 actually) to copy filtered resources, i.e. build is platform dependent!
2025-03-24 23:15:31,997 [Worker-9: Building] INFO  o.a.m.s.f.DefaultMavenResourcesFiltering - skip non existing resourceDirectory C:\Users\anujp\OneDrive\Desktop\ANUJ\Resumes\Coreshield Assignment\MapDataProcessing\src\test\resources
2025-03-24 23:16:05,289 [Worker-5: Building] WARN  o.a.m.s.f.DefaultMavenResourcesFiltering - Using platform encoding (UTF-8 actually) to copy filtered resources, i.e. build is platform dependent!
2025-03-24 23:16:05,291 [Worker-5: Building] INFO  o.a.m.s.f.DefaultMavenResourcesFiltering - Copying 0 resource from src\main\resources to target\classes
2025-03-24 23:16:05,294 [Worker-5: Building] WARN  o.a.m.s.f.DefaultMavenResourcesFiltering - Using platform encoding (UTF-8 actually) to copy filtered resources, i.e. build is platform dependent!
2025-03-24 23:16:05,295 [Worker-5: Building] INFO  o.a.m.s.f.DefaultMavenResourcesFiltering - skip non existing resourceDirectory C:\Users\anujp\OneDrive\Desktop\ANUJ\Resumes\Coreshield Assignment\MapDataProcessing\src\test\resources
2025-03-24 23:17:01,666 [Worker-11: Building] WARN  o.a.m.s.f.DefaultMavenResourcesFiltering - Using platform encoding (UTF-8 actually) to copy filtered resources, i.e. build is platform dependent!
2025-03-24 23:17:01,670 [Worker-11: Building] INFO  o.a.m.s.f.DefaultMavenResourcesFiltering - Copying 0 resource from src\main\resources to target\classes
2025-03-24 23:17:01,672 [Worker-11: Building] WARN  o.a.m.s.f.DefaultMavenResourcesFiltering - Using platform encoding (UTF-8 actually) to copy filtered resources, i.e. build is platform dependent!
2025-03-24 23:17:01,673 [Worker-11: Building] INFO  o.a.m.s.f.DefaultMavenResourcesFiltering - skip non existing resourceDirectory C:\Users\anujp\OneDrive\Desktop\ANUJ\Resumes\Coreshield Assignment\MapDataProcessing\src\test\resources
2025-03-24 23:18:24,193 [Worker-13: Building] WARN  o.a.m.s.f.DefaultMavenResourcesFiltering - Using platform encoding (UTF-8 actually) to copy filtered resources, i.e. build is platform dependent!
2025-03-24 23:18:24,196 [Worker-13: Building] INFO  o.a.m.s.f.DefaultMavenResourcesFiltering - Copying 0 resource from src\main\resources to target\classes
2025-03-24 23:18:24,200 [Worker-13: Building] WARN  o.a.m.s.f.DefaultMavenResourcesFiltering - Using platform encoding (UTF-8 actually) to copy filtered resources, i.e. build is platform dependent!
2025-03-24 23:18:24,201 [Worker-13: Building] INFO  o.a.m.s.f.DefaultMavenResourcesFiltering - skip non existing resourceDirectory C:\Users\anujp\OneDrive\Desktop\ANUJ\Resumes\Coreshield Assignment\MapDataProcessing\src\test\resources
2025-03-24 23:19:21,500 [Worker-7: Building] WARN  o.a.m.s.f.DefaultMavenResourcesFiltering - Using platform encoding (UTF-8 actually) to copy filtered resources, i.e. build is platform dependent!
2025-03-24 23:19:21,502 [Worker-7: Building] INFO  o.a.m.s.f.DefaultMavenResourcesFiltering - Copying 0 resource from src\main\resources to target\classes
2025-03-24 23:19:21,505 [Worker-7: Building] WARN  o.a.m.s.f.DefaultMavenResourcesFiltering - Using platform encoding (UTF-8 actually) to copy filtered resources, i.e. build is platform dependent!
2025-03-24 23:19:21,507 [Worker-7: Building] INFO  o.a.m.s.f.DefaultMavenResourcesFiltering - skip non existing resourceDirectory C:\Users\anujp\OneDrive\Desktop\ANUJ\Resumes\Coreshield Assignment\MapDataProcessing\src\test\resources
2025-03-24 23:20:20,423 [Worker-0: Building] WARN  o.a.m.s.f.DefaultMavenResourcesFiltering - Using platform encoding (UTF-8 actually) to copy filtered resources, i.e. build is platform dependent!
2025-03-24 23:20:20,426 [Worker-0: Building] INFO  o.a.m.s.f.DefaultMavenResourcesFiltering - Copying 1 resource from src\main\resources to target\classes
2025-03-24 23:20:20,434 [Worker-0: Building] WARN  o.a.m.s.f.DefaultMavenResourcesFiltering - Using platform encoding (UTF-8 actually) to copy filtered resources, i.e. build is platform dependent!
2025-03-24 23:20:20,435 [Worker-0: Building] INFO  o.a.m.s.f.DefaultMavenResourcesFiltering - skip non existing resourceDirectory C:\Users\anujp\OneDrive\Desktop\ANUJ\Resumes\Coreshield Assignment\MapDataProcessing\src\test\resources
2025-03-24 23:20:47,893 [Worker-0: Building] WARN  o.a.m.s.f.DefaultMavenResourcesFiltering - Using platform encoding (UTF-8 actually) to copy filtered resources, i.e. build is platform dependent!
2025-03-24 23:20:47,895 [Worker-0: Building] INFO  o.a.m.s.f.DefaultMavenResourcesFiltering - Copying 1 resource from src\main\resources to target\classes
2025-03-24 23:20:47,899 [Worker-0: Building] WARN  o.a.m.s.f.DefaultMavenResourcesFiltering - Using platform encoding (UTF-8 actually) to copy filtered resources, i.e. build is platform dependent!
2025-03-24 23:20:47,900 [Worker-0: Building] INFO  o.a.m.s.f.DefaultMavenResourcesFiltering - skip non existing resourceDirectory C:\Users\anujp\OneDrive\Desktop\ANUJ\Resumes\Coreshield Assignment\MapDataProcessing\src\test\resources
2025-03-24 23:20:57,433 [Worker-11: Building] WARN  o.a.m.s.f.DefaultMavenResourcesFiltering - Using platform encoding (UTF-8 actually) to copy filtered resources, i.e. build is platform dependent!
2025-03-24 23:20:57,435 [Worker-11: Building] INFO  o.a.m.s.f.DefaultMavenResourcesFiltering - Copying 2 resources from src\main\resources to target\classes
2025-03-24 23:20:57,441 [Worker-11: Building] WARN  o.a.m.s.f.DefaultMavenResourcesFiltering - Using platform encoding (UTF-8 actually) to copy filtered resources, i.e. build is platform dependent!
2025-03-24 23:20:57,442 [Worker-11: Building] INFO  o.a.m.s.f.DefaultMavenResourcesFiltering - skip non existing resourceDirectory C:\Users\anujp\OneDrive\Desktop\ANUJ\Resumes\Coreshield Assignment\MapDataProcessing\src\test\resources
2025-03-24 23:22:08,253 [Worker-0: Loading available Gradle versions] INFO  o.e.b.c.i.u.g.PublishedGradleVersions - Gradle version information cache is up-to-date. Trying to read.
2025-03-24 23:27:39,185 [Worker-0: Loading available Gradle versions] INFO  o.e.b.c.i.u.g.PublishedGradleVersions - Gradle version information cache is up-to-date. Trying to read.
